[2019-03-21 16:45:57] local.ERROR: Parse error: syntax error, unexpected '<<' (T_SL), expecting ')' {"exception":"[object] (Symfony\\Component\\Debug\\Exception\\FatalThrowableError(code: 0): Parse error: syntax error, unexpected '<<' (T_SL), expecting ')' at /var/webapps/test/blog/bootstrap/cache/services.php:27)
[stacktrace]
#0 /var/webapps/test/blog/vendor/laravel/framework/src/Illuminate/Foundation/ProviderRepository.php(92): Illuminate\\Filesystem\\Filesystem->getRequire('/var/webapps/te...')
#1 /var/webapps/test/blog/vendor/laravel/framework/src/Illuminate/Foundation/ProviderRepository.php(55): Illuminate\\Foundation\\ProviderRepository->loadManifest()
#2 /var/webapps/test/blog/vendor/laravel/framework/src/Illuminate/Foundation/Application.php(561): Illuminate\\Foundation\\ProviderRepository->load(Array)
#3 /var/webapps/test/blog/vendor/laravel/framework/src/Illuminate/Foundation/Bootstrap/RegisterProviders.php(17): Illuminate\\Foundation\\Application->registerConfiguredProviders()
#4 /var/webapps/test/blog/vendor/laravel/framework/src/Illuminate/Foundation/Application.php(213): Illuminate\\Foundation\\Bootstrap\\RegisterProviders->bootstrap(Object(Illuminate\\Foundation\\Application))
#5 /var/webapps/test/blog/vendor/laravel/framework/src/Illuminate/Foundation/Http/Kernel.php(162): Illuminate\\Foundation\\Application->bootstrapWith(Array)
#6 /var/webapps/test/blog/vendor/laravel/framework/src/Illuminate/Foundation/Http/Kernel.php(146): Illuminate\\Foundation\\Http\\Kernel->bootstrap()
#7 /var/webapps/test/blog/vendor/laravel/framework/src/Illuminate/Foundation/Http/Kernel.php(116): Illuminate\\Foundation\\Http\\Kernel->sendRequestThroughRouter(Object(Illuminate\\Http\\Request))
#8 /var/webapps/test/blog/public/index.php(52): Illuminate\\Foundation\\Http\\Kernel->handle(Object(Illuminate\\Http\\Request))
#9 {main}
"} 
[2019-03-21 16:45:58] local.ERROR: Parse error: syntax error, unexpected '<<' (T_SL), expecting ')' {"exception":"[object] (Symfony\\Component\\Debug\\Exception\\FatalThrowableError(code: 0): Parse error: syntax error, unexpected '<<' (T_SL), expecting ')' at /var/webapps/test/blog/bootstrap/cache/services.php:27)
[stacktrace]
#0 /var/webapps/test/blog/vendor/laravel/framework/src/Illuminate/Foundation/ProviderRepository.php(92): Illuminate\\Filesystem\\Filesystem->getRequire('/var/webapps/te...')
#1 /var/webapps/test/blog/vendor/laravel/framework/src/Illuminate/Foundation/ProviderRepository.php(55): Illuminate\\Foundation\\ProviderRepository->loadManifest()
#2 /var/webapps/test/blog/vendor/laravel/framework/src/Illuminate/Foundation/Application.php(561): Illuminate\\Foundation\\ProviderRepository->load(Array)
#3 /var/webapps/test/blog/vendor/laravel/framework/src/Illuminate/Foundation/Bootstrap/RegisterProviders.php(17): Illuminate\\Foundation\\Application->registerConfiguredProviders()
#4 /var/webapps/test/blog/vendor/laravel/framework/src/Illuminate/Foundation/Application.php(213): Illuminate\\Foundation\\Bootstrap\\RegisterProviders->bootstrap(Object(Illuminate\\Foundation\\Application))
#5 /var/webapps/test/blog/vendor/laravel/framework/src/Illuminate/Foundation/Http/Kernel.php(162): Illuminate\\Foundation\\Application->bootstrapWith(Array)
#6 /var/webapps/test/blog/vendor/laravel/framework/src/Illuminate/Foundation/Http/Kernel.php(146): Illuminate\\Foundation\\Http\\Kernel->bootstrap()
#7 /var/webapps/test/blog/vendor/laravel/framework/src/Illuminate/Foundation/Http/Kernel.php(116): Illuminate\\Foundation\\Http\\Kernel->sendRequestThroughRouter(Object(Illuminate\\Http\\Request))
#8 /var/webapps/test/blog/public/index.php(52): Illuminate\\Foundation\\Http\\Kernel->handle(Object(Illuminate\\Http\\Request))
#9 {main}
"} 
[2019-03-21 16:47:06] local.ERROR: file_put_contents(/var/webapps/test/blog/bootstrap/cache/services.php): failed to open stream: Permission denied {"exception":"[object] (ErrorException(code: 0): file_put_contents(/var/webapps/test/blog/bootstrap/cache/services.php): failed to open stream: Permission denied at /var/webapps/test/blog/vendor/laravel/framework/src/Illuminate/Filesystem/Filesystem.php:122)
[stacktrace]
#0 [internal function]: Illuminate\\Foundation\\Bootstrap\\HandleExceptions->handleError(2, 'file_put_conten...', '/var/webapps/te...', 122, Array)
#1 /var/webapps/test/blog/vendor/laravel/framework/src/Illuminate/Filesystem/Filesystem.php(122): file_put_contents('/var/webapps/te...', '<?php return ar...', 0)
#2 /var/webapps/test/blog/vendor/laravel/framework/src/Illuminate/Foundation/ProviderRepository.php(194): Illuminate\\Filesystem\\Filesystem->put('/var/webapps/te...', '<?php return ar...')
#3 /var/webapps/test/blog/vendor/laravel/framework/src/Illuminate/Foundation/ProviderRepository.php(165): Illuminate\\Foundation\\ProviderRepository->writeManifest(Array)
#4 /var/webapps/test/blog/vendor/laravel/framework/src/Illuminate/Foundation/ProviderRepository.php(61): Illuminate\\Foundation\\ProviderRepository->compileManifest(Array)
#5 /var/webapps/test/blog/vendor/laravel/framework/src/Illuminate/Foundation/Application.php(561): Illuminate\\Foundation\\ProviderRepository->load(Array)
#6 /var/webapps/test/blog/vendor/laravel/framework/src/Illuminate/Foundation/Bootstrap/RegisterProviders.php(17): Illuminate\\Foundation\\Application->registerConfiguredProviders()
#7 /var/webapps/test/blog/vendor/laravel/framework/src/Illuminate/Foundation/Application.php(213): Illuminate\\Foundation\\Bootstrap\\RegisterProviders->bootstrap(Object(Illuminate\\Foundation\\Application))
#8 /var/webapps/test/blog/vendor/laravel/framework/src/Illuminate/Foundation/Http/Kernel.php(162): Illuminate\\Foundation\\Application->bootstrapWith(Array)
#9 /var/webapps/test/blog/vendor/laravel/framework/src/Illuminate/Foundation/Http/Kernel.php(146): Illuminate\\Foundation\\Http\\Kernel->bootstrap()
#10 /var/webapps/test/blog/vendor/laravel/framework/src/Illuminate/Foundation/Http/Kernel.php(116): Illuminate\\Foundation\\Http\\Kernel->sendRequestThroughRouter(Object(Illuminate\\Http\\Request))
#11 /var/webapps/test/blog/public/index.php(52): Illuminate\\Foundation\\Http\\Kernel->handle(Object(Illuminate\\Http\\Request))
#12 {main}
"} 
[2019-03-21 16:47:08] local.ERROR: file_put_contents(/var/webapps/test/blog/bootstrap/cache/services.php): failed to open stream: Permission denied {"exception":"[object] (ErrorException(code: 0): file_put_contents(/var/webapps/test/blog/bootstrap/cache/services.php): failed to open stream: Permission denied at /var/webapps/test/blog/vendor/laravel/framework/src/Illuminate/Filesystem/Filesystem.php:122)
[stacktrace]
#0 [internal function]: Illuminate\\Foundation\\Bootstrap\\HandleExceptions->handleError(2, 'file_put_conten...', '/var/webapps/te...', 122, Array)
#1 /var/webapps/test/blog/vendor/laravel/framework/src/Illuminate/Filesystem/Filesystem.php(122): file_put_contents('/var/webapps/te...', '<?php return ar...', 0)
#2 /var/webapps/test/blog/vendor/laravel/framework/src/Illuminate/Foundation/ProviderRepository.php(194): Illuminate\\Filesystem\\Filesystem->put('/var/webapps/te...', '<?php return ar...')
#3 /var/webapps/test/blog/vendor/laravel/framework/src/Illuminate/Foundation/ProviderRepository.php(165): Illuminate\\Foundation\\ProviderRepository->writeManifest(Array)
#4 /var/webapps/test/blog/vendor/laravel/framework/src/Illuminate/Foundation/ProviderRepository.php(61): Illuminate\\Foundation\\ProviderRepository->compileManifest(Array)
#5 /var/webapps/test/blog/vendor/laravel/framework/src/Illuminate/Foundation/Application.php(561): Illuminate\\Foundation\\ProviderRepository->load(Array)
#6 /var/webapps/test/blog/vendor/laravel/framework/src/Illuminate/Foundation/Bootstrap/RegisterProviders.php(17): Illuminate\\Foundation\\Application->registerConfiguredProviders()
#7 /var/webapps/test/blog/vendor/laravel/framework/src/Illuminate/Foundation/Application.php(213): Illuminate\\Foundation\\Bootstrap\\RegisterProviders->bootstrap(Object(Illuminate\\Foundation\\Application))
#8 /var/webapps/test/blog/vendor/laravel/framework/src/Illuminate/Foundation/Http/Kernel.php(162): Illuminate\\Foundation\\Application->bootstrapWith(Array)
#9 /var/webapps/test/blog/vendor/laravel/framework/src/Illuminate/Foundation/Http/Kernel.php(146): Illuminate\\Foundation\\Http\\Kernel->bootstrap()
#10 /var/webapps/test/blog/vendor/laravel/framework/src/Illuminate/Foundation/Http/Kernel.php(116): Illuminate\\Foundation\\Http\\Kernel->sendRequestThroughRouter(Object(Illuminate\\Http\\Request))
#11 /var/webapps/test/blog/public/index.php(52): Illuminate\\Foundation\\Http\\Kernel->handle(Object(Illuminate\\Http\\Request))
#12 {main}
"} 
[2019-03-21 16:47:50] local.ERROR: Parse error: syntax error, unexpected '<<' (T_SL), expecting end of file {"exception":"[object] (Symfony\\Component\\Debug\\Exception\\FatalThrowableError(code: 0): Parse error: syntax error, unexpected '<<' (T_SL), expecting end of file at /var/webapps/test/blog/routes/api.php:24)
[stacktrace]
#0 /var/webapps/test/blog/vendor/laravel/framework/src/Illuminate/Routing/Router.php(349): Illuminate\\Routing\\Router->loadRoutes('/var/webapps/te...')
#1 /var/webapps/test/blog/vendor/laravel/framework/src/Illuminate/Routing/RouteRegistrar.php(105): Illuminate\\Routing\\Router->group(Array, '/var/webapps/te...')
#2 /var/webapps/test/blog/app/Providers/RouteServiceProvider.php(71): Illuminate\\Routing\\RouteRegistrar->group('/var/webapps/te...')
#3 /var/webapps/test/blog/app/Providers/RouteServiceProvider.php(38): App\\Providers\\RouteServiceProvider->mapApiRoutes()
#4 [internal function]: App\\Providers\\RouteServiceProvider->map()
#5 /var/webapps/test/blog/vendor/laravel/framework/src/Illuminate/Container/BoundMethod.php(29): call_user_func_array(Array, Array)
#6 /var/webapps/test/blog/vendor/laravel/framework/src/Illuminate/Container/BoundMethod.php(87): Illuminate\\Container\\BoundMethod::Illuminate\\Container\\{closure}()
#7 /var/webapps/test/blog/vendor/laravel/framework/src/Illuminate/Container/BoundMethod.php(31): Illuminate\\Container\\BoundMethod::callBoundMethod(Object(Illuminate\\Foundation\\Application), Array, Object(Closure))
#8 /var/webapps/test/blog/vendor/laravel/framework/src/Illuminate/Container/Container.php(549): Illuminate\\Container\\BoundMethod::call(Object(Illuminate\\Foundation\\Application), Array, Array, NULL)
#9 /var/webapps/test/blog/vendor/laravel/framework/src/Illuminate/Foundation/Support/Providers/RouteServiceProvider.php(74): Illuminate\\Container\\Container->call(Array)
#10 /var/webapps/test/blog/vendor/laravel/framework/src/Illuminate/Foundation/Support/Providers/RouteServiceProvider.php(33): Illuminate\\Foundation\\Support\\Providers\\RouteServiceProvider->loadRoutes()
#11 /var/webapps/test/blog/app/Providers/RouteServiceProvider.php(28): Illuminate\\Foundation\\Support\\Providers\\RouteServiceProvider->boot()
#12 [internal function]: App\\Providers\\RouteServiceProvider->boot()
#13 /var/webapps/test/blog/vendor/laravel/framework/src/Illuminate/Container/BoundMethod.php(29): call_user_func_array(Array, Array)
#14 /var/webapps/test/blog/vendor/laravel/framework/src/Illuminate/Container/BoundMethod.php(87): Illuminate\\Container\\BoundMethod::Illuminate\\Container\\{closure}()
#15 /var/webapps/test/blog/vendor/laravel/framework/src/Illuminate/Container/BoundMethod.php(31): Illuminate\\Container\\BoundMethod::callBoundMethod(Object(Illuminate\\Foundation\\Application), Array, Object(Closure))
#16 /var/webapps/test/blog/vendor/laravel/framework/src/Illuminate/Container/Container.php(549): Illuminate\\Container\\BoundMethod::call(Object(Illuminate\\Foundation\\Application), Array, Array, NULL)
#17 /var/webapps/test/blog/vendor/laravel/framework/src/Illuminate/Foundation/Application.php(792): Illuminate\\Container\\Container->call(Array)
#18 /var/webapps/test/blog/vendor/laravel/framework/src/Illuminate/Foundation/Application.php(775): Illuminate\\Foundation\\Application->bootProvider(Object(App\\Providers\\RouteServiceProvider))
#19 [internal function]: Illuminate\\Foundation\\Application->Illuminate\\Foundation\\{closure}(Object(App\\Providers\\RouteServiceProvider), 33)
#20 /var/webapps/test/blog/vendor/laravel/framework/src/Illuminate/Foundation/Application.php(776): array_walk(Array, Object(Closure))
#21 /var/webapps/test/blog/vendor/laravel/framework/src/Illuminate/Foundation/Bootstrap/BootProviders.php(17): Illuminate\\Foundation\\Application->boot()
#22 /var/webapps/test/blog/vendor/laravel/framework/src/Illuminate/Foundation/Application.php(213): Illuminate\\Foundation\\Bootstrap\\BootProviders->bootstrap(Object(Illuminate\\Foundation\\Application))
#23 /var/webapps/test/blog/vendor/laravel/framework/src/Illuminate/Foundation/Http/Kernel.php(162): Illuminate\\Foundation\\Application->bootstrapWith(Array)
#24 /var/webapps/test/blog/vendor/laravel/framework/src/Illuminate/Foundation/Http/Kernel.php(146): Illuminate\\Foundation\\Http\\Kernel->bootstrap()
#25 /var/webapps/test/blog/vendor/laravel/framework/src/Illuminate/Foundation/Http/Kernel.php(116): Illuminate\\Foundation\\Http\\Kernel->sendRequestThroughRouter(Object(Illuminate\\Http\\Request))
#26 /var/webapps/test/blog/public/index.php(52): Illuminate\\Foundation\\Http\\Kernel->handle(Object(Illuminate\\Http\\Request))
#27 {main}
"} 
[2019-03-21 16:47:51] local.ERROR: Parse error: syntax error, unexpected '<<' (T_SL), expecting end of file {"exception":"[object] (Symfony\\Component\\Debug\\Exception\\FatalThrowableError(code: 0): Parse error: syntax error, unexpected '<<' (T_SL), expecting end of file at /var/webapps/test/blog/routes/api.php:24)
[stacktrace]
#0 /var/webapps/test/blog/vendor/laravel/framework/src/Illuminate/Routing/Router.php(349): Illuminate\\Routing\\Router->loadRoutes('/var/webapps/te...')
#1 /var/webapps/test/blog/vendor/laravel/framework/src/Illuminate/Routing/RouteRegistrar.php(105): Illuminate\\Routing\\Router->group(Array, '/var/webapps/te...')
#2 /var/webapps/test/blog/app/Providers/RouteServiceProvider.php(71): Illuminate\\Routing\\RouteRegistrar->group('/var/webapps/te...')
#3 /var/webapps/test/blog/app/Providers/RouteServiceProvider.php(38): App\\Providers\\RouteServiceProvider->mapApiRoutes()
#4 [internal function]: App\\Providers\\RouteServiceProvider->map()
#5 /var/webapps/test/blog/vendor/laravel/framework/src/Illuminate/Container/BoundMethod.php(29): call_user_func_array(Array, Array)
#6 /var/webapps/test/blog/vendor/laravel/framework/src/Illuminate/Container/BoundMethod.php(87): Illuminate\\Container\\BoundMethod::Illuminate\\Container\\{closure}()
#7 /var/webapps/test/blog/vendor/laravel/framework/src/Illuminate/Container/BoundMethod.php(31): Illuminate\\Container\\BoundMethod::callBoundMethod(Object(Illuminate\\Foundation\\Application), Array, Object(Closure))
#8 /var/webapps/test/blog/vendor/laravel/framework/src/Illuminate/Container/Container.php(549): Illuminate\\Container\\BoundMethod::call(Object(Illuminate\\Foundation\\Application), Array, Array, NULL)
#9 /var/webapps/test/blog/vendor/laravel/framework/src/Illuminate/Foundation/Support/Providers/RouteServiceProvider.php(74): Illuminate\\Container\\Container->call(Array)
#10 /var/webapps/test/blog/vendor/laravel/framework/src/Illuminate/Foundation/Support/Providers/RouteServiceProvider.php(33): Illuminate\\Foundation\\Support\\Providers\\RouteServiceProvider->loadRoutes()
#11 /var/webapps/test/blog/app/Providers/RouteServiceProvider.php(28): Illuminate\\Foundation\\Support\\Providers\\RouteServiceProvider->boot()
#12 [internal function]: App\\Providers\\RouteServiceProvider->boot()
#13 /var/webapps/test/blog/vendor/laravel/framework/src/Illuminate/Container/BoundMethod.php(29): call_user_func_array(Array, Array)
#14 /var/webapps/test/blog/vendor/laravel/framework/src/Illuminate/Container/BoundMethod.php(87): Illuminate\\Container\\BoundMethod::Illuminate\\Container\\{closure}()
#15 /var/webapps/test/blog/vendor/laravel/framework/src/Illuminate/Container/BoundMethod.php(31): Illuminate\\Container\\BoundMethod::callBoundMethod(Object(Illuminate\\Foundation\\Application), Array, Object(Closure))
#16 /var/webapps/test/blog/vendor/laravel/framework/src/Illuminate/Container/Container.php(549): Illuminate\\Container\\BoundMethod::call(Object(Illuminate\\Foundation\\Application), Array, Array, NULL)
#17 /var/webapps/test/blog/vendor/laravel/framework/src/Illuminate/Foundation/Application.php(792): Illuminate\\Container\\Container->call(Array)
#18 /var/webapps/test/blog/vendor/laravel/framework/src/Illuminate/Foundation/Application.php(775): Illuminate\\Foundation\\Application->bootProvider(Object(App\\Providers\\RouteServiceProvider))
#19 [internal function]: Illuminate\\Foundation\\Application->Illuminate\\Foundation\\{closure}(Object(App\\Providers\\RouteServiceProvider), 33)
#20 /var/webapps/test/blog/vendor/laravel/framework/src/Illuminate/Foundation/Application.php(776): array_walk(Array, Object(Closure))
#21 /var/webapps/test/blog/vendor/laravel/framework/src/Illuminate/Foundation/Bootstrap/BootProviders.php(17): Illuminate\\Foundation\\Application->boot()
#22 /var/webapps/test/blog/vendor/laravel/framework/src/Illuminate/Foundation/Application.php(213): Illuminate\\Foundation\\Bootstrap\\BootProviders->bootstrap(Object(Illuminate\\Foundation\\Application))
#23 /var/webapps/test/blog/vendor/laravel/framework/src/Illuminate/Foundation/Http/Kernel.php(162): Illuminate\\Foundation\\Application->bootstrapWith(Array)
#24 /var/webapps/test/blog/vendor/laravel/framework/src/Illuminate/Foundation/Http/Kernel.php(146): Illuminate\\Foundation\\Http\\Kernel->bootstrap()
#25 /var/webapps/test/blog/vendor/laravel/framework/src/Illuminate/Foundation/Http/Kernel.php(116): Illuminate\\Foundation\\Http\\Kernel->sendRequestThroughRouter(Object(Illuminate\\Http\\Request))
#26 /var/webapps/test/blog/public/index.php(52): Illuminate\\Foundation\\Http\\Kernel->handle(Object(Illuminate\\Http\\Request))
#27 {main}
"} 
[2019-03-21 16:48:23] local.ERROR: Parse error: syntax error, unexpected '<<' (T_SL) {"exception":"[object] (Symfony\\Component\\Debug\\Exception\\FatalThrowableError(code: 0): Parse error: syntax error, unexpected '<<' (T_SL) at /var/webapps/test/blog/app/Http/Controllers/Users.php:41)
[stacktrace]
#0 /var/webapps/test/blog/vendor/composer/ClassLoader.php(322): Composer\\Autoload\\includeFile('/var/webapps/te...')
#1 [internal function]: Composer\\Autoload\\ClassLoader->loadClass('App\\\\Http\\\\Contro...')
#2 [internal function]: spl_autoload_call('App\\\\Http\\\\Contro...')
#3 /var/webapps/test/blog/vendor/laravel/framework/src/Illuminate/Container/Container.php(752): ReflectionClass->__construct('App\\\\Http\\\\Contro...')
#4 /var/webapps/test/blog/vendor/laravel/framework/src/Illuminate/Container/Container.php(631): Illuminate\\Container\\Container->build('App\\\\Http\\\\Contro...')
#5 /var/webapps/test/blog/vendor/laravel/framework/src/Illuminate/Container/Container.php(586): Illuminate\\Container\\Container->resolve('App\\\\Http\\\\Contro...', Array)
#6 /var/webapps/test/blog/vendor/laravel/framework/src/Illuminate/Foundation/Application.php(732): Illuminate\\Container\\Container->make('App\\\\Http\\\\Contro...', Array)
#7 /var/webapps/test/blog/vendor/laravel/framework/src/Illuminate/Routing/Route.php(226): Illuminate\\Foundation\\Application->make('App\\\\Http\\\\Contro...')
#8 /var/webapps/test/blog/vendor/laravel/framework/src/Illuminate/Routing/Route.php(796): Illuminate\\Routing\\Route->getController()
#9 /var/webapps/test/blog/vendor/laravel/framework/src/Illuminate/Routing/Route.php(757): Illuminate\\Routing\\Route->controllerMiddleware()
#10 /var/webapps/test/blog/vendor/laravel/framework/src/Illuminate/Routing/Router.php(671): Illuminate\\Routing\\Route->gatherMiddleware()
#11 /var/webapps/test/blog/vendor/laravel/framework/src/Illuminate/Routing/Router.php(651): Illuminate\\Routing\\Router->gatherRouteMiddleware(Object(Illuminate\\Routing\\Route))
#12 /var/webapps/test/blog/vendor/laravel/framework/src/Illuminate/Routing/Router.php(635): Illuminate\\Routing\\Router->runRouteWithinStack(Object(Illuminate\\Routing\\Route), Object(Illuminate\\Http\\Request))
#13 /var/webapps/test/blog/vendor/laravel/framework/src/Illuminate/Routing/Router.php(601): Illuminate\\Routing\\Router->runRoute(Object(Illuminate\\Http\\Request), Object(Illuminate\\Routing\\Route))
#14 /var/webapps/test/blog/vendor/laravel/framework/src/Illuminate/Routing/Router.php(590): Illuminate\\Routing\\Router->dispatchToRoute(Object(Illuminate\\Http\\Request))
#15 /var/webapps/test/blog/vendor/laravel/framework/src/Illuminate/Foundation/Http/Kernel.php(176): Illuminate\\Routing\\Router->dispatch(Object(Illuminate\\Http\\Request))
#16 /var/webapps/test/blog/vendor/laravel/framework/src/Illuminate/Routing/Pipeline.php(30): Illuminate\\Foundation\\Http\\Kernel->Illuminate\\Foundation\\Http\\{closure}(Object(Illuminate\\Http\\Request))
#17 /var/webapps/test/blog/vendor/laravel/framework/src/Illuminate/Foundation/Http/Middleware/TransformsRequest.php(30): Illuminate\\Routing\\Pipeline->Illuminate\\Routing\\{closure}(Object(Illuminate\\Http\\Request))
#18 /var/webapps/test/blog/vendor/laravel/framework/src/Illuminate/Pipeline/Pipeline.php(149): Illuminate\\Foundation\\Http\\Middleware\\TransformsRequest->handle(Object(Illuminate\\Http\\Request), Object(Closure))
#19 /var/webapps/test/blog/vendor/laravel/framework/src/Illuminate/Routing/Pipeline.php(53): Illuminate\\Pipeline\\Pipeline->Illuminate\\Pipeline\\{closure}(Object(Illuminate\\Http\\Request))
#20 /var/webapps/test/blog/vendor/laravel/framework/src/Illuminate/Foundation/Http/Middleware/TransformsRequest.php(30): Illuminate\\Routing\\Pipeline->Illuminate\\Routing\\{closure}(Object(Illuminate\\Http\\Request))
#21 /var/webapps/test/blog/vendor/laravel/framework/src/Illuminate/Pipeline/Pipeline.php(149): Illuminate\\Foundation\\Http\\Middleware\\TransformsRequest->handle(Object(Illuminate\\Http\\Request), Object(Closure))
#22 /var/webapps/test/blog/vendor/laravel/framework/src/Illuminate/Routing/Pipeline.php(53): Illuminate\\Pipeline\\Pipeline->Illuminate\\Pipeline\\{closure}(Object(Illuminate\\Http\\Request))
#23 /var/webapps/test/blog/vendor/laravel/framework/src/Illuminate/Foundation/Http/Middleware/ValidatePostSize.php(27): Illuminate\\Routing\\Pipeline->Illuminate\\Routing\\{closure}(Object(Illuminate\\Http\\Request))
#24 /var/webapps/test/blog/vendor/laravel/framework/src/Illuminate/Pipeline/Pipeline.php(149): Illuminate\\Foundation\\Http\\Middleware\\ValidatePostSize->handle(Object(Illuminate\\Http\\Request), Object(Closure))
#25 /var/webapps/test/blog/vendor/laravel/framework/src/Illuminate/Routing/Pipeline.php(53): Illuminate\\Pipeline\\Pipeline->Illuminate\\Pipeline\\{closure}(Object(Illuminate\\Http\\Request))
#26 /var/webapps/test/blog/vendor/laravel/framework/src/Illuminate/Foundation/Http/Middleware/CheckForMaintenanceMode.php(46): Illuminate\\Routing\\Pipeline->Illuminate\\Routing\\{closure}(Object(Illuminate\\Http\\Request))
#27 /var/webapps/test/blog/vendor/laravel/framework/src/Illuminate/Pipeline/Pipeline.php(149): Illuminate\\Foundation\\Http\\Middleware\\CheckForMaintenanceMode->handle(Object(Illuminate\\Http\\Request), Object(Closure))
#28 /var/webapps/test/blog/vendor/laravel/framework/src/Illuminate/Routing/Pipeline.php(53): Illuminate\\Pipeline\\Pipeline->Illuminate\\Pipeline\\{closure}(Object(Illuminate\\Http\\Request))
#29 /var/webapps/test/blog/vendor/laravel/framework/src/Illuminate/Pipeline/Pipeline.php(102): Illuminate\\Routing\\Pipeline->Illuminate\\Routing\\{closure}(Object(Illuminate\\Http\\Request))
#30 /var/webapps/test/blog/vendor/laravel/framework/src/Illuminate/Foundation/Http/Kernel.php(151): Illuminate\\Pipeline\\Pipeline->then(Object(Closure))
#31 /var/webapps/test/blog/vendor/laravel/framework/src/Illuminate/Foundation/Http/Kernel.php(116): Illuminate\\Foundation\\Http\\Kernel->sendRequestThroughRouter(Object(Illuminate\\Http\\Request))
#32 /var/webapps/test/blog/public/index.php(52): Illuminate\\Foundation\\Http\\Kernel->handle(Object(Illuminate\\Http\\Request))
#33 {main}
"} 
[2019-03-21 16:48:24] local.ERROR: Parse error: syntax error, unexpected '<<' (T_SL) {"exception":"[object] (Symfony\\Component\\Debug\\Exception\\FatalThrowableError(code: 0): Parse error: syntax error, unexpected '<<' (T_SL) at /var/webapps/test/blog/app/Http/Controllers/Users.php:41)
[stacktrace]
#0 /var/webapps/test/blog/vendor/composer/ClassLoader.php(322): Composer\\Autoload\\includeFile('/var/webapps/te...')
#1 [internal function]: Composer\\Autoload\\ClassLoader->loadClass('App\\\\Http\\\\Contro...')
#2 [internal function]: spl_autoload_call('App\\\\Http\\\\Contro...')
#3 /var/webapps/test/blog/vendor/laravel/framework/src/Illuminate/Container/Container.php(752): ReflectionClass->__construct('App\\\\Http\\\\Contro...')
#4 /var/webapps/test/blog/vendor/laravel/framework/src/Illuminate/Container/Container.php(631): Illuminate\\Container\\Container->build('App\\\\Http\\\\Contro...')
#5 /var/webapps/test/blog/vendor/laravel/framework/src/Illuminate/Container/Container.php(586): Illuminate\\Container\\Container->resolve('App\\\\Http\\\\Contro...', Array)
#6 /var/webapps/test/blog/vendor/laravel/framework/src/Illuminate/Foundation/Application.php(732): Illuminate\\Container\\Container->make('App\\\\Http\\\\Contro...', Array)
#7 /var/webapps/test/blog/vendor/laravel/framework/src/Illuminate/Routing/Route.php(226): Illuminate\\Foundation\\Application->make('App\\\\Http\\\\Contro...')
#8 /var/webapps/test/blog/vendor/laravel/framework/src/Illuminate/Routing/Route.php(796): Illuminate\\Routing\\Route->getController()
#9 /var/webapps/test/blog/vendor/laravel/framework/src/Illuminate/Routing/Route.php(757): Illuminate\\Routing\\Route->controllerMiddleware()
#10 /var/webapps/test/blog/vendor/laravel/framework/src/Illuminate/Routing/Router.php(671): Illuminate\\Routing\\Route->gatherMiddleware()
#11 /var/webapps/test/blog/vendor/laravel/framework/src/Illuminate/Routing/Router.php(651): Illuminate\\Routing\\Router->gatherRouteMiddleware(Object(Illuminate\\Routing\\Route))
#12 /var/webapps/test/blog/vendor/laravel/framework/src/Illuminate/Routing/Router.php(635): Illuminate\\Routing\\Router->runRouteWithinStack(Object(Illuminate\\Routing\\Route), Object(Illuminate\\Http\\Request))
#13 /var/webapps/test/blog/vendor/laravel/framework/src/Illuminate/Routing/Router.php(601): Illuminate\\Routing\\Router->runRoute(Object(Illuminate\\Http\\Request), Object(Illuminate\\Routing\\Route))
#14 /var/webapps/test/blog/vendor/laravel/framework/src/Illuminate/Routing/Router.php(590): Illuminate\\Routing\\Router->dispatchToRoute(Object(Illuminate\\Http\\Request))
#15 /var/webapps/test/blog/vendor/laravel/framework/src/Illuminate/Foundation/Http/Kernel.php(176): Illuminate\\Routing\\Router->dispatch(Object(Illuminate\\Http\\Request))
#16 /var/webapps/test/blog/vendor/laravel/framework/src/Illuminate/Routing/Pipeline.php(30): Illuminate\\Foundation\\Http\\Kernel->Illuminate\\Foundation\\Http\\{closure}(Object(Illuminate\\Http\\Request))
#17 /var/webapps/test/blog/vendor/laravel/framework/src/Illuminate/Foundation/Http/Middleware/TransformsRequest.php(30): Illuminate\\Routing\\Pipeline->Illuminate\\Routing\\{closure}(Object(Illuminate\\Http\\Request))
#18 /var/webapps/test/blog/vendor/laravel/framework/src/Illuminate/Pipeline/Pipeline.php(149): Illuminate\\Foundation\\Http\\Middleware\\TransformsRequest->handle(Object(Illuminate\\Http\\Request), Object(Closure))
#19 /var/webapps/test/blog/vendor/laravel/framework/src/Illuminate/Routing/Pipeline.php(53): Illuminate\\Pipeline\\Pipeline->Illuminate\\Pipeline\\{closure}(Object(Illuminate\\Http\\Request))
#20 /var/webapps/test/blog/vendor/laravel/framework/src/Illuminate/Foundation/Http/Middleware/TransformsRequest.php(30): Illuminate\\Routing\\Pipeline->Illuminate\\Routing\\{closure}(Object(Illuminate\\Http\\Request))
#21 /var/webapps/test/blog/vendor/laravel/framework/src/Illuminate/Pipeline/Pipeline.php(149): Illuminate\\Foundation\\Http\\Middleware\\TransformsRequest->handle(Object(Illuminate\\Http\\Request), Object(Closure))
#22 /var/webapps/test/blog/vendor/laravel/framework/src/Illuminate/Routing/Pipeline.php(53): Illuminate\\Pipeline\\Pipeline->Illuminate\\Pipeline\\{closure}(Object(Illuminate\\Http\\Request))
#23 /var/webapps/test/blog/vendor/laravel/framework/src/Illuminate/Foundation/Http/Middleware/ValidatePostSize.php(27): Illuminate\\Routing\\Pipeline->Illuminate\\Routing\\{closure}(Object(Illuminate\\Http\\Request))
#24 /var/webapps/test/blog/vendor/laravel/framework/src/Illuminate/Pipeline/Pipeline.php(149): Illuminate\\Foundation\\Http\\Middleware\\ValidatePostSize->handle(Object(Illuminate\\Http\\Request), Object(Closure))
#25 /var/webapps/test/blog/vendor/laravel/framework/src/Illuminate/Routing/Pipeline.php(53): Illuminate\\Pipeline\\Pipeline->Illuminate\\Pipeline\\{closure}(Object(Illuminate\\Http\\Request))
#26 /var/webapps/test/blog/vendor/laravel/framework/src/Illuminate/Foundation/Http/Middleware/CheckForMaintenanceMode.php(46): Illuminate\\Routing\\Pipeline->Illuminate\\Routing\\{closure}(Object(Illuminate\\Http\\Request))
#27 /var/webapps/test/blog/vendor/laravel/framework/src/Illuminate/Pipeline/Pipeline.php(149): Illuminate\\Foundation\\Http\\Middleware\\CheckForMaintenanceMode->handle(Object(Illuminate\\Http\\Request), Object(Closure))
#28 /var/webapps/test/blog/vendor/laravel/framework/src/Illuminate/Routing/Pipeline.php(53): Illuminate\\Pipeline\\Pipeline->Illuminate\\Pipeline\\{closure}(Object(Illuminate\\Http\\Request))
#29 /var/webapps/test/blog/vendor/laravel/framework/src/Illuminate/Pipeline/Pipeline.php(102): Illuminate\\Routing\\Pipeline->Illuminate\\Routing\\{closure}(Object(Illuminate\\Http\\Request))
#30 /var/webapps/test/blog/vendor/laravel/framework/src/Illuminate/Foundation/Http/Kernel.php(151): Illuminate\\Pipeline\\Pipeline->then(Object(Closure))
#31 /var/webapps/test/blog/vendor/laravel/framework/src/Illuminate/Foundation/Http/Kernel.php(116): Illuminate\\Foundation\\Http\\Kernel->sendRequestThroughRouter(Object(Illuminate\\Http\\Request))
#32 /var/webapps/test/blog/public/index.php(52): Illuminate\\Foundation\\Http\\Kernel->handle(Object(Illuminate\\Http\\Request))
#33 {main}
"} 
[2019-03-21 16:49:58] local.ERROR: Unable to detect application namespace. {"exception":"[object] (RuntimeException(code: 0): Unable to detect application namespace. at /var/webapps/test/blog/vendor/laravel/framework/src/Illuminate/Foundation/Application.php:1194)
[stacktrace]
#0 /var/webapps/test/blog/vendor/infyomlabs/laravel-generator/src/Common/GeneratorConfig.php(116): Illuminate\\Foundation\\Application->getNamespace()
#1 /var/webapps/test/blog/vendor/infyomlabs/laravel-generator/src/Common/GeneratorConfig.php(104): InfyOm\\Generator\\Common\\GeneratorConfig->loadNamespaces(Object(InfyOm\\Generator\\Common\\CommandData))
#2 /var/webapps/test/blog/vendor/infyomlabs/laravel-generator/src/Commands/RollbackGeneratorCommand.php(83): InfyOm\\Generator\\Common\\GeneratorConfig->init(Object(InfyOm\\Generator\\Common\\CommandData), Array)
#3 [internal function]: InfyOm\\Generator\\Commands\\RollbackGeneratorCommand->handle()
#4 /var/webapps/test/blog/vendor/laravel/framework/src/Illuminate/Container/BoundMethod.php(29): call_user_func_array(Array, Array)
#5 /var/webapps/test/blog/vendor/laravel/framework/src/Illuminate/Container/BoundMethod.php(87): Illuminate\\Container\\BoundMethod::Illuminate\\Container\\{closure}()
#6 /var/webapps/test/blog/vendor/laravel/framework/src/Illuminate/Container/BoundMethod.php(31): Illuminate\\Container\\BoundMethod::callBoundMethod(Object(Illuminate\\Foundation\\Application), Array, Object(Closure))
#7 /var/webapps/test/blog/vendor/laravel/framework/src/Illuminate/Container/Container.php(549): Illuminate\\Container\\BoundMethod::call(Object(Illuminate\\Foundation\\Application), Array, Array, NULL)
#8 /var/webapps/test/blog/vendor/laravel/framework/src/Illuminate/Console/Command.php(183): Illuminate\\Container\\Container->call(Array)
#9 /var/webapps/test/blog/vendor/symfony/console/Command/Command.php(255): Illuminate\\Console\\Command->execute(Object(Symfony\\Component\\Console\\Input\\ArgvInput), Object(Illuminate\\Console\\OutputStyle))
#10 /var/webapps/test/blog/vendor/laravel/framework/src/Illuminate/Console/Command.php(170): Symfony\\Component\\Console\\Command\\Command->run(Object(Symfony\\Component\\Console\\Input\\ArgvInput), Object(Illuminate\\Console\\OutputStyle))
#11 /var/webapps/test/blog/vendor/symfony/console/Application.php(960): Illuminate\\Console\\Command->run(Object(Symfony\\Component\\Console\\Input\\ArgvInput), Object(Symfony\\Component\\Console\\Output\\ConsoleOutput))
#12 /var/webapps/test/blog/vendor/symfony/console/Application.php(255): Symfony\\Component\\Console\\Application->doRunCommand(Object(InfyOm\\Generator\\Commands\\RollbackGeneratorCommand), Object(Symfony\\Component\\Console\\Input\\ArgvInput), Object(Symfony\\Component\\Console\\Output\\ConsoleOutput))
#13 /var/webapps/test/blog/vendor/symfony/console/Application.php(148): Symfony\\Component\\Console\\Application->doRun(Object(Symfony\\Component\\Console\\Input\\ArgvInput), Object(Symfony\\Component\\Console\\Output\\ConsoleOutput))
#14 /var/webapps/test/blog/vendor/laravel/framework/src/Illuminate/Console/Application.php(88): Symfony\\Component\\Console\\Application->run(Object(Symfony\\Component\\Console\\Input\\ArgvInput), Object(Symfony\\Component\\Console\\Output\\ConsoleOutput))
#15 /var/webapps/test/blog/vendor/laravel/framework/src/Illuminate/Foundation/Console/Kernel.php(121): Illuminate\\Console\\Application->run(Object(Symfony\\Component\\Console\\Input\\ArgvInput), Object(Symfony\\Component\\Console\\Output\\ConsoleOutput))
#16 /var/webapps/test/blog/artisan(35): Illuminate\\Foundation\\Console\\Kernel->handle(Object(Symfony\\Component\\Console\\Input\\ArgvInput), Object(Symfony\\Component\\Console\\Output\\ConsoleOutput))
#17 {main}
"} 
[2019-03-21 16:57:28] local.ERROR: Unable to detect application namespace. {"exception":"[object] (RuntimeException(code: 0): Unable to detect application namespace. at /var/webapps/test/blog/vendor/laravel/framework/src/Illuminate/Foundation/Application.php:1194)
[stacktrace]
#0 /var/webapps/test/blog/vendor/infyomlabs/laravel-generator/src/Common/GeneratorConfig.php(116): Illuminate\\Foundation\\Application->getNamespace()
#1 /var/webapps/test/blog/vendor/infyomlabs/laravel-generator/src/Common/GeneratorConfig.php(104): InfyOm\\Generator\\Common\\GeneratorConfig->loadNamespaces(Object(InfyOm\\Generator\\Common\\CommandData))
#2 /var/webapps/test/blog/vendor/infyomlabs/laravel-generator/src/Commands/RollbackGeneratorCommand.php(83): InfyOm\\Generator\\Common\\GeneratorConfig->init(Object(InfyOm\\Generator\\Common\\CommandData), Array)
#3 [internal function]: InfyOm\\Generator\\Commands\\RollbackGeneratorCommand->handle()
#4 /var/webapps/test/blog/vendor/laravel/framework/src/Illuminate/Container/BoundMethod.php(29): call_user_func_array(Array, Array)
#5 /var/webapps/test/blog/vendor/laravel/framework/src/Illuminate/Container/BoundMethod.php(87): Illuminate\\Container\\BoundMethod::Illuminate\\Container\\{closure}()
#6 /var/webapps/test/blog/vendor/laravel/framework/src/Illuminate/Container/BoundMethod.php(31): Illuminate\\Container\\BoundMethod::callBoundMethod(Object(Illuminate\\Foundation\\Application), Array, Object(Closure))
#7 /var/webapps/test/blog/vendor/laravel/framework/src/Illuminate/Container/Container.php(549): Illuminate\\Container\\BoundMethod::call(Object(Illuminate\\Foundation\\Application), Array, Array, NULL)
#8 /var/webapps/test/blog/vendor/laravel/framework/src/Illuminate/Console/Command.php(183): Illuminate\\Container\\Container->call(Array)
#9 /var/webapps/test/blog/vendor/symfony/console/Command/Command.php(255): Illuminate\\Console\\Command->execute(Object(Symfony\\Component\\Console\\Input\\ArgvInput), Object(Illuminate\\Console\\OutputStyle))
#10 /var/webapps/test/blog/vendor/laravel/framework/src/Illuminate/Console/Command.php(170): Symfony\\Component\\Console\\Command\\Command->run(Object(Symfony\\Component\\Console\\Input\\ArgvInput), Object(Illuminate\\Console\\OutputStyle))
#11 /var/webapps/test/blog/vendor/symfony/console/Application.php(960): Illuminate\\Console\\Command->run(Object(Symfony\\Component\\Console\\Input\\ArgvInput), Object(Symfony\\Component\\Console\\Output\\ConsoleOutput))
#12 /var/webapps/test/blog/vendor/symfony/console/Application.php(255): Symfony\\Component\\Console\\Application->doRunCommand(Object(InfyOm\\Generator\\Commands\\RollbackGeneratorCommand), Object(Symfony\\Component\\Console\\Input\\ArgvInput), Object(Symfony\\Component\\Console\\Output\\ConsoleOutput))
#13 /var/webapps/test/blog/vendor/symfony/console/Application.php(148): Symfony\\Component\\Console\\Application->doRun(Object(Symfony\\Component\\Console\\Input\\ArgvInput), Object(Symfony\\Component\\Console\\Output\\ConsoleOutput))
#14 /var/webapps/test/blog/vendor/laravel/framework/src/Illuminate/Console/Application.php(88): Symfony\\Component\\Console\\Application->run(Object(Symfony\\Component\\Console\\Input\\ArgvInput), Object(Symfony\\Component\\Console\\Output\\ConsoleOutput))
#15 /var/webapps/test/blog/vendor/laravel/framework/src/Illuminate/Foundation/Console/Kernel.php(121): Illuminate\\Console\\Application->run(Object(Symfony\\Component\\Console\\Input\\ArgvInput), Object(Symfony\\Component\\Console\\Output\\ConsoleOutput))
#16 /var/webapps/test/blog/artisan(35): Illuminate\\Foundation\\Console\\Kernel->handle(Object(Symfony\\Component\\Console\\Input\\ArgvInput), Object(Symfony\\Component\\Console\\Output\\ConsoleOutput))
#17 {main}
"} 
[2019-03-21 16:58:15] local.ERROR: Unable to detect application namespace. {"exception":"[object] (RuntimeException(code: 0): Unable to detect application namespace. at /var/webapps/test/blog/vendor/laravel/framework/src/Illuminate/Foundation/Application.php:1194)
[stacktrace]
#0 /var/webapps/test/blog/vendor/infyomlabs/laravel-generator/src/Common/GeneratorConfig.php(116): Illuminate\\Foundation\\Application->getNamespace()
#1 /var/webapps/test/blog/vendor/infyomlabs/laravel-generator/src/Common/GeneratorConfig.php(104): InfyOm\\Generator\\Common\\GeneratorConfig->loadNamespaces(Object(InfyOm\\Generator\\Common\\CommandData))
#2 /var/webapps/test/blog/vendor/infyomlabs/laravel-generator/src/Commands/RollbackGeneratorCommand.php(83): InfyOm\\Generator\\Common\\GeneratorConfig->init(Object(InfyOm\\Generator\\Common\\CommandData), Array)
#3 [internal function]: InfyOm\\Generator\\Commands\\RollbackGeneratorCommand->handle()
#4 /var/webapps/test/blog/vendor/laravel/framework/src/Illuminate/Container/BoundMethod.php(29): call_user_func_array(Array, Array)
#5 /var/webapps/test/blog/vendor/laravel/framework/src/Illuminate/Container/BoundMethod.php(87): Illuminate\\Container\\BoundMethod::Illuminate\\Container\\{closure}()
#6 /var/webapps/test/blog/vendor/laravel/framework/src/Illuminate/Container/BoundMethod.php(31): Illuminate\\Container\\BoundMethod::callBoundMethod(Object(Illuminate\\Foundation\\Application), Array, Object(Closure))
#7 /var/webapps/test/blog/vendor/laravel/framework/src/Illuminate/Container/Container.php(549): Illuminate\\Container\\BoundMethod::call(Object(Illuminate\\Foundation\\Application), Array, Array, NULL)
#8 /var/webapps/test/blog/vendor/laravel/framework/src/Illuminate/Console/Command.php(183): Illuminate\\Container\\Container->call(Array)
#9 /var/webapps/test/blog/vendor/symfony/console/Command/Command.php(255): Illuminate\\Console\\Command->execute(Object(Symfony\\Component\\Console\\Input\\ArgvInput), Object(Illuminate\\Console\\OutputStyle))
#10 /var/webapps/test/blog/vendor/laravel/framework/src/Illuminate/Console/Command.php(170): Symfony\\Component\\Console\\Command\\Command->run(Object(Symfony\\Component\\Console\\Input\\ArgvInput), Object(Illuminate\\Console\\OutputStyle))
#11 /var/webapps/test/blog/vendor/symfony/console/Application.php(960): Illuminate\\Console\\Command->run(Object(Symfony\\Component\\Console\\Input\\ArgvInput), Object(Symfony\\Component\\Console\\Output\\ConsoleOutput))
#12 /var/webapps/test/blog/vendor/symfony/console/Application.php(255): Symfony\\Component\\Console\\Application->doRunCommand(Object(InfyOm\\Generator\\Commands\\RollbackGeneratorCommand), Object(Symfony\\Component\\Console\\Input\\ArgvInput), Object(Symfony\\Component\\Console\\Output\\ConsoleOutput))
#13 /var/webapps/test/blog/vendor/symfony/console/Application.php(148): Symfony\\Component\\Console\\Application->doRun(Object(Symfony\\Component\\Console\\Input\\ArgvInput), Object(Symfony\\Component\\Console\\Output\\ConsoleOutput))
#14 /var/webapps/test/blog/vendor/laravel/framework/src/Illuminate/Console/Application.php(88): Symfony\\Component\\Console\\Application->run(Object(Symfony\\Component\\Console\\Input\\ArgvInput), Object(Symfony\\Component\\Console\\Output\\ConsoleOutput))
#15 /var/webapps/test/blog/vendor/laravel/framework/src/Illuminate/Foundation/Console/Kernel.php(121): Illuminate\\Console\\Application->run(Object(Symfony\\Component\\Console\\Input\\ArgvInput), Object(Symfony\\Component\\Console\\Output\\ConsoleOutput))
#16 /var/webapps/test/blog/artisan(35): Illuminate\\Foundation\\Console\\Kernel->handle(Object(Symfony\\Component\\Console\\Input\\ArgvInput), Object(Symfony\\Component\\Console\\Output\\ConsoleOutput))
#17 {main}
"} 
[2019-03-21 17:10:22] local.ERROR: Undefined variable: companies (View: /var/webapps/test/blog/resources/views/users/listUsers.blade.php) {"userId":1,"email":"foxsheep777@gmail.com","exception":"[object] (ErrorException(code: 0): Undefined variable: companies (View: /var/webapps/test/blog/resources/views/users/listUsers.blade.php) at /var/webapps/test/blog/storage/framework/views/1da19d60da83d8bc922d60d13f1ae01137bd653c.php:63, ErrorException(code: 0): Undefined variable: companies at /var/webapps/test/blog/storage/framework/views/1da19d60da83d8bc922d60d13f1ae01137bd653c.php:63)
[stacktrace]
#0 /var/webapps/test/blog/vendor/laravel/framework/src/Illuminate/View/Engines/PhpEngine.php(45): Illuminate\\View\\Engines\\CompilerEngine->handleViewException(Object(ErrorException), 1)
#1 /var/webapps/test/blog/vendor/laravel/framework/src/Illuminate/View/Engines/CompilerEngine.php(59): Illuminate\\View\\Engines\\PhpEngine->evaluatePath('/var/webapps/te...', Array)
#2 /var/webapps/test/blog/vendor/laravel/framework/src/Illuminate/View/View.php(137): Illuminate\\View\\Engines\\CompilerEngine->get('/var/webapps/te...', Array)
#3 /var/webapps/test/blog/vendor/laravel/framework/src/Illuminate/View/View.php(120): Illuminate\\View\\View->getContents()
#4 /var/webapps/test/blog/vendor/laravel/framework/src/Illuminate/View/View.php(85): Illuminate\\View\\View->renderContents()
#5 /var/webapps/test/blog/vendor/laravel/framework/src/Illuminate/Http/Response.php(42): Illuminate\\View\\View->render()
#6 /var/webapps/test/blog/vendor/symfony/http-foundation/Response.php(206): Illuminate\\Http\\Response->setContent(Object(Illuminate\\View\\View))
#7 /var/webapps/test/blog/vendor/laravel/framework/src/Illuminate/Routing/Router.php(724): Symfony\\Component\\HttpFoundation\\Response->__construct(Object(Illuminate\\View\\View))
#8 /var/webapps/test/blog/vendor/laravel/framework/src/Illuminate/Routing/Router.php(698): Illuminate\\Routing\\Router::toResponse(Object(Illuminate\\Http\\Request), Object(Illuminate\\View\\View))
#9 /var/webapps/test/blog/vendor/laravel/framework/src/Illuminate/Routing/Router.php(658): Illuminate\\Routing\\Router->prepareResponse(Object(Illuminate\\Http\\Request), Object(Illuminate\\View\\View))
#10 /var/webapps/test/blog/vendor/laravel/framework/src/Illuminate/Routing/Pipeline.php(30): Illuminate\\Routing\\Router->Illuminate\\Routing\\{closure}(Object(Illuminate\\Http\\Request))
#11 /var/webapps/test/blog/vendor/laravel/framework/src/Illuminate/Routing/Middleware/SubstituteBindings.php(41): Illuminate\\Routing\\Pipeline->Illuminate\\Routing\\{closure}(Object(Illuminate\\Http\\Request))
#12 /var/webapps/test/blog/vendor/laravel/framework/src/Illuminate/Pipeline/Pipeline.php(149): Illuminate\\Routing\\Middleware\\SubstituteBindings->handle(Object(Illuminate\\Http\\Request), Object(Closure))
#13 /var/webapps/test/blog/vendor/laravel/framework/src/Illuminate/Routing/Pipeline.php(53): Illuminate\\Pipeline\\Pipeline->Illuminate\\Pipeline\\{closure}(Object(Illuminate\\Http\\Request))
#14 /var/webapps/test/blog/vendor/laravel/framework/src/Illuminate/Auth/Middleware/Authenticate.php(43): Illuminate\\Routing\\Pipeline->Illuminate\\Routing\\{closure}(Object(Illuminate\\Http\\Request))
#15 /var/webapps/test/blog/vendor/laravel/framework/src/Illuminate/Pipeline/Pipeline.php(149): Illuminate\\Auth\\Middleware\\Authenticate->handle(Object(Illuminate\\Http\\Request), Object(Closure))
#16 /var/webapps/test/blog/vendor/laravel/framework/src/Illuminate/Routing/Pipeline.php(53): Illuminate\\Pipeline\\Pipeline->Illuminate\\Pipeline\\{closure}(Object(Illuminate\\Http\\Request))
#17 /var/webapps/test/blog/vendor/laravel/framework/src/Illuminate/Foundation/Http/Middleware/VerifyCsrfToken.php(68): Illuminate\\Routing\\Pipeline->Illuminate\\Routing\\{closure}(Object(Illuminate\\Http\\Request))
#18 /var/webapps/test/blog/vendor/laravel/framework/src/Illuminate/Pipeline/Pipeline.php(149): Illuminate\\Foundation\\Http\\Middleware\\VerifyCsrfToken->handle(Object(Illuminate\\Http\\Request), Object(Closure))
#19 /var/webapps/test/blog/vendor/laravel/framework/src/Illuminate/Routing/Pipeline.php(53): Illuminate\\Pipeline\\Pipeline->Illuminate\\Pipeline\\{closure}(Object(Illuminate\\Http\\Request))
#20 /var/webapps/test/blog/vendor/laravel/framework/src/Illuminate/View/Middleware/ShareErrorsFromSession.php(49): Illuminate\\Routing\\Pipeline->Illuminate\\Routing\\{closure}(Object(Illuminate\\Http\\Request))
#21 /var/webapps/test/blog/vendor/laravel/framework/src/Illuminate/Pipeline/Pipeline.php(149): Illuminate\\View\\Middleware\\ShareErrorsFromSession->handle(Object(Illuminate\\Http\\Request), Object(Closure))
#22 /var/webapps/test/blog/vendor/laravel/framework/src/Illuminate/Routing/Pipeline.php(53): Illuminate\\Pipeline\\Pipeline->Illuminate\\Pipeline\\{closure}(Object(Illuminate\\Http\\Request))
#23 /var/webapps/test/blog/vendor/laravel/framework/src/Illuminate/Session/Middleware/StartSession.php(63): Illuminate\\Routing\\Pipeline->Illuminate\\Routing\\{closure}(Object(Illuminate\\Http\\Request))
#24 /var/webapps/test/blog/vendor/laravel/framework/src/Illuminate/Pipeline/Pipeline.php(149): Illuminate\\Session\\Middleware\\StartSession->handle(Object(Illuminate\\Http\\Request), Object(Closure))
#25 /var/webapps/test/blog/vendor/laravel/framework/src/Illuminate/Routing/Pipeline.php(53): Illuminate\\Pipeline\\Pipeline->Illuminate\\Pipeline\\{closure}(Object(Illuminate\\Http\\Request))
#26 /var/webapps/test/blog/vendor/laravel/framework/src/Illuminate/Cookie/Middleware/AddQueuedCookiesToResponse.php(37): Illuminate\\Routing\\Pipeline->Illuminate\\Routing\\{closure}(Object(Illuminate\\Http\\Request))
#27 /var/webapps/test/blog/vendor/laravel/framework/src/Illuminate/Pipeline/Pipeline.php(149): Illuminate\\Cookie\\Middleware\\AddQueuedCookiesToResponse->handle(Object(Illuminate\\Http\\Request), Object(Closure))
#28 /var/webapps/test/blog/vendor/laravel/framework/src/Illuminate/Routing/Pipeline.php(53): Illuminate\\Pipeline\\Pipeline->Illuminate\\Pipeline\\{closure}(Object(Illuminate\\Http\\Request))
#29 /var/webapps/test/blog/vendor/laravel/framework/src/Illuminate/Cookie/Middleware/EncryptCookies.php(66): Illuminate\\Routing\\Pipeline->Illuminate\\Routing\\{closure}(Object(Illuminate\\Http\\Request))
#30 /var/webapps/test/blog/vendor/laravel/framework/src/Illuminate/Pipeline/Pipeline.php(149): Illuminate\\Cookie\\Middleware\\EncryptCookies->handle(Object(Illuminate\\Http\\Request), Object(Closure))
#31 /var/webapps/test/blog/vendor/laravel/framework/src/Illuminate/Routing/Pipeline.php(53): Illuminate\\Pipeline\\Pipeline->Illuminate\\Pipeline\\{closure}(Object(Illuminate\\Http\\Request))
#32 /var/webapps/test/blog/vendor/laravel/framework/src/Illuminate/Pipeline/Pipeline.php(102): Illuminate\\Routing\\Pipeline->Illuminate\\Routing\\{closure}(Object(Illuminate\\Http\\Request))
#33 /var/webapps/test/blog/vendor/laravel/framework/src/Illuminate/Routing/Router.php(660): Illuminate\\Pipeline\\Pipeline->then(Object(Closure))
#34 /var/webapps/test/blog/vendor/laravel/framework/src/Illuminate/Routing/Router.php(635): Illuminate\\Routing\\Router->runRouteWithinStack(Object(Illuminate\\Routing\\Route), Object(Illuminate\\Http\\Request))
#35 /var/webapps/test/blog/vendor/laravel/framework/src/Illuminate/Routing/Router.php(601): Illuminate\\Routing\\Router->runRoute(Object(Illuminate\\Http\\Request), Object(Illuminate\\Routing\\Route))
#36 /var/webapps/test/blog/vendor/laravel/framework/src/Illuminate/Routing/Router.php(590): Illuminate\\Routing\\Router->dispatchToRoute(Object(Illuminate\\Http\\Request))
#37 /var/webapps/test/blog/vendor/laravel/framework/src/Illuminate/Foundation/Http/Kernel.php(176): Illuminate\\Routing\\Router->dispatch(Object(Illuminate\\Http\\Request))
#38 /var/webapps/test/blog/vendor/laravel/framework/src/Illuminate/Routing/Pipeline.php(30): Illuminate\\Foundation\\Http\\Kernel->Illuminate\\Foundation\\Http\\{closure}(Object(Illuminate\\Http\\Request))
#39 /var/webapps/test/blog/vendor/laravel/framework/src/Illuminate/Foundation/Http/Middleware/TransformsRequest.php(30): Illuminate\\Routing\\Pipeline->Illuminate\\Routing\\{closure}(Object(Illuminate\\Http\\Request))
#40 /var/webapps/test/blog/vendor/laravel/framework/src/Illuminate/Pipeline/Pipeline.php(149): Illuminate\\Foundation\\Http\\Middleware\\TransformsRequest->handle(Object(Illuminate\\Http\\Request), Object(Closure))
#41 /var/webapps/test/blog/vendor/laravel/framework/src/Illuminate/Routing/Pipeline.php(53): Illuminate\\Pipeline\\Pipeline->Illuminate\\Pipeline\\{closure}(Object(Illuminate\\Http\\Request))
#42 /var/webapps/test/blog/vendor/laravel/framework/src/Illuminate/Foundation/Http/Middleware/TransformsRequest.php(30): Illuminate\\Routing\\Pipeline->Illuminate\\Routing\\{closure}(Object(Illuminate\\Http\\Request))
#43 /var/webapps/test/blog/vendor/laravel/framework/src/Illuminate/Pipeline/Pipeline.php(149): Illuminate\\Foundation\\Http\\Middleware\\TransformsRequest->handle(Object(Illuminate\\Http\\Request), Object(Closure))
#44 /var/webapps/test/blog/vendor/laravel/framework/src/Illuminate/Routing/Pipeline.php(53): Illuminate\\Pipeline\\Pipeline->Illuminate\\Pipeline\\{closure}(Object(Illuminate\\Http\\Request))
#45 /var/webapps/test/blog/vendor/laravel/framework/src/Illuminate/Foundation/Http/Middleware/ValidatePostSize.php(27): Illuminate\\Routing\\Pipeline->Illuminate\\Routing\\{closure}(Object(Illuminate\\Http\\Request))
#46 /var/webapps/test/blog/vendor/laravel/framework/src/Illuminate/Pipeline/Pipeline.php(149): Illuminate\\Foundation\\Http\\Middleware\\ValidatePostSize->handle(Object(Illuminate\\Http\\Request), Object(Closure))
#47 /var/webapps/test/blog/vendor/laravel/framework/src/Illuminate/Routing/Pipeline.php(53): Illuminate\\Pipeline\\Pipeline->Illuminate\\Pipeline\\{closure}(Object(Illuminate\\Http\\Request))
#48 /var/webapps/test/blog/vendor/laravel/framework/src/Illuminate/Foundation/Http/Middleware/CheckForMaintenanceMode.php(46): Illuminate\\Routing\\Pipeline->Illuminate\\Routing\\{closure}(Object(Illuminate\\Http\\Request))
#49 /var/webapps/test/blog/vendor/laravel/framework/src/Illuminate/Pipeline/Pipeline.php(149): Illuminate\\Foundation\\Http\\Middleware\\CheckForMaintenanceMode->handle(Object(Illuminate\\Http\\Request), Object(Closure))
#50 /var/webapps/test/blog/vendor/laravel/framework/src/Illuminate/Routing/Pipeline.php(53): Illuminate\\Pipeline\\Pipeline->Illuminate\\Pipeline\\{closure}(Object(Illuminate\\Http\\Request))
#51 /var/webapps/test/blog/vendor/laravel/framework/src/Illuminate/Pipeline/Pipeline.php(102): Illuminate\\Routing\\Pipeline->Illuminate\\Routing\\{closure}(Object(Illuminate\\Http\\Request))
#52 /var/webapps/test/blog/vendor/laravel/framework/src/Illuminate/Foundation/Http/Kernel.php(151): Illuminate\\Pipeline\\Pipeline->then(Object(Closure))
#53 /var/webapps/test/blog/vendor/laravel/framework/src/Illuminate/Foundation/Http/Kernel.php(116): Illuminate\\Foundation\\Http\\Kernel->sendRequestThroughRouter(Object(Illuminate\\Http\\Request))
#54 /var/webapps/test/blog/public/index.php(52): Illuminate\\Foundation\\Http\\Kernel->handle(Object(Illuminate\\Http\\Request))
#55 {main}
"} 
[2019-03-21 18:05:34] local.ERROR: Class App\Http\Controllers\CompanyController does not exist {"exception":"[object] (ReflectionException(code: -1): Class App\\Http\\Controllers\\CompanyController does not exist at /var/webapps/test/blog/vendor/laravel/framework/src/Illuminate/Container/Container.php:752)
[stacktrace]
#0 /var/webapps/test/blog/vendor/laravel/framework/src/Illuminate/Container/Container.php(752): ReflectionClass->__construct('App\\\\Http\\\\Contro...')
#1 /var/webapps/test/blog/vendor/laravel/framework/src/Illuminate/Container/Container.php(631): Illuminate\\Container\\Container->build('App\\\\Http\\\\Contro...')
#2 /var/webapps/test/blog/vendor/laravel/framework/src/Illuminate/Container/Container.php(586): Illuminate\\Container\\Container->resolve('App\\\\Http\\\\Contro...', Array)
#3 /var/webapps/test/blog/vendor/laravel/framework/src/Illuminate/Foundation/Application.php(732): Illuminate\\Container\\Container->make('App\\\\Http\\\\Contro...', Array)
#4 /var/webapps/test/blog/vendor/laravel/framework/src/Illuminate/Routing/Route.php(226): Illuminate\\Foundation\\Application->make('App\\\\Http\\\\Contro...')
#5 /var/webapps/test/blog/vendor/laravel/framework/src/Illuminate/Routing/Route.php(796): Illuminate\\Routing\\Route->getController()
#6 /var/webapps/test/blog/vendor/laravel/framework/src/Illuminate/Routing/Route.php(757): Illuminate\\Routing\\Route->controllerMiddleware()
#7 /var/webapps/test/blog/vendor/laravel/framework/src/Illuminate/Routing/Router.php(671): Illuminate\\Routing\\Route->gatherMiddleware()
#8 /var/webapps/test/blog/vendor/laravel/framework/src/Illuminate/Routing/Router.php(651): Illuminate\\Routing\\Router->gatherRouteMiddleware(Object(Illuminate\\Routing\\Route))
#9 /var/webapps/test/blog/vendor/laravel/framework/src/Illuminate/Routing/Router.php(635): Illuminate\\Routing\\Router->runRouteWithinStack(Object(Illuminate\\Routing\\Route), Object(Illuminate\\Http\\Request))
#10 /var/webapps/test/blog/vendor/laravel/framework/src/Illuminate/Routing/Router.php(601): Illuminate\\Routing\\Router->runRoute(Object(Illuminate\\Http\\Request), Object(Illuminate\\Routing\\Route))
#11 /var/webapps/test/blog/vendor/laravel/framework/src/Illuminate/Routing/Router.php(590): Illuminate\\Routing\\Router->dispatchToRoute(Object(Illuminate\\Http\\Request))
#12 /var/webapps/test/blog/vendor/laravel/framework/src/Illuminate/Foundation/Http/Kernel.php(176): Illuminate\\Routing\\Router->dispatch(Object(Illuminate\\Http\\Request))
#13 /var/webapps/test/blog/vendor/laravel/framework/src/Illuminate/Routing/Pipeline.php(30): Illuminate\\Foundation\\Http\\Kernel->Illuminate\\Foundation\\Http\\{closure}(Object(Illuminate\\Http\\Request))
#14 /var/webapps/test/blog/vendor/laravel/framework/src/Illuminate/Foundation/Http/Middleware/TransformsRequest.php(30): Illuminate\\Routing\\Pipeline->Illuminate\\Routing\\{closure}(Object(Illuminate\\Http\\Request))
#15 /var/webapps/test/blog/vendor/laravel/framework/src/Illuminate/Pipeline/Pipeline.php(149): Illuminate\\Foundation\\Http\\Middleware\\TransformsRequest->handle(Object(Illuminate\\Http\\Request), Object(Closure))
#16 /var/webapps/test/blog/vendor/laravel/framework/src/Illuminate/Routing/Pipeline.php(53): Illuminate\\Pipeline\\Pipeline->Illuminate\\Pipeline\\{closure}(Object(Illuminate\\Http\\Request))
#17 /var/webapps/test/blog/vendor/laravel/framework/src/Illuminate/Foundation/Http/Middleware/TransformsRequest.php(30): Illuminate\\Routing\\Pipeline->Illuminate\\Routing\\{closure}(Object(Illuminate\\Http\\Request))
#18 /var/webapps/test/blog/vendor/laravel/framework/src/Illuminate/Pipeline/Pipeline.php(149): Illuminate\\Foundation\\Http\\Middleware\\TransformsRequest->handle(Object(Illuminate\\Http\\Request), Object(Closure))
#19 /var/webapps/test/blog/vendor/laravel/framework/src/Illuminate/Routing/Pipeline.php(53): Illuminate\\Pipeline\\Pipeline->Illuminate\\Pipeline\\{closure}(Object(Illuminate\\Http\\Request))
#20 /var/webapps/test/blog/vendor/laravel/framework/src/Illuminate/Foundation/Http/Middleware/ValidatePostSize.php(27): Illuminate\\Routing\\Pipeline->Illuminate\\Routing\\{closure}(Object(Illuminate\\Http\\Request))
#21 /var/webapps/test/blog/vendor/laravel/framework/src/Illuminate/Pipeline/Pipeline.php(149): Illuminate\\Foundation\\Http\\Middleware\\ValidatePostSize->handle(Object(Illuminate\\Http\\Request), Object(Closure))
#22 /var/webapps/test/blog/vendor/laravel/framework/src/Illuminate/Routing/Pipeline.php(53): Illuminate\\Pipeline\\Pipeline->Illuminate\\Pipeline\\{closure}(Object(Illuminate\\Http\\Request))
#23 /var/webapps/test/blog/vendor/laravel/framework/src/Illuminate/Foundation/Http/Middleware/CheckForMaintenanceMode.php(46): Illuminate\\Routing\\Pipeline->Illuminate\\Routing\\{closure}(Object(Illuminate\\Http\\Request))
#24 /var/webapps/test/blog/vendor/laravel/framework/src/Illuminate/Pipeline/Pipeline.php(149): Illuminate\\Foundation\\Http\\Middleware\\CheckForMaintenanceMode->handle(Object(Illuminate\\Http\\Request), Object(Closure))
#25 /var/webapps/test/blog/vendor/laravel/framework/src/Illuminate/Routing/Pipeline.php(53): Illuminate\\Pipeline\\Pipeline->Illuminate\\Pipeline\\{closure}(Object(Illuminate\\Http\\Request))
#26 /var/webapps/test/blog/vendor/laravel/framework/src/Illuminate/Pipeline/Pipeline.php(102): Illuminate\\Routing\\Pipeline->Illuminate\\Routing\\{closure}(Object(Illuminate\\Http\\Request))
#27 /var/webapps/test/blog/vendor/laravel/framework/src/Illuminate/Foundation/Http/Kernel.php(151): Illuminate\\Pipeline\\Pipeline->then(Object(Closure))
#28 /var/webapps/test/blog/vendor/laravel/framework/src/Illuminate/Foundation/Http/Kernel.php(116): Illuminate\\Foundation\\Http\\Kernel->sendRequestThroughRouter(Object(Illuminate\\Http\\Request))
#29 /var/webapps/test/blog/public/index.php(52): Illuminate\\Foundation\\Http\\Kernel->handle(Object(Illuminate\\Http\\Request))
#30 {main}
"} 
[2019-03-21 18:06:54] local.ERROR: Class  does not exist {"exception":"[object] (ReflectionException(code: -1): Class  does not exist at /var/webapps/test/blog/vendor/laravel/framework/src/Illuminate/Container/Container.php:752)
[stacktrace]
#0 /var/webapps/test/blog/vendor/laravel/framework/src/Illuminate/Container/Container.php(752): ReflectionClass->__construct('')
#1 /var/webapps/test/blog/vendor/laravel/framework/src/Illuminate/Container/Container.php(631): Illuminate\\Container\\Container->build(NULL)
#2 /var/webapps/test/blog/vendor/laravel/framework/src/Illuminate/Container/Container.php(586): Illuminate\\Container\\Container->resolve(NULL, Array)
#3 /var/webapps/test/blog/vendor/laravel/framework/src/Illuminate/Foundation/Application.php(732): Illuminate\\Container\\Container->make(NULL, Array)
#4 /var/webapps/test/blog/vendor/prettus/l5-repository/src/Prettus/Repository/Eloquent/BaseRepository.php(177): Illuminate\\Foundation\\Application->make(NULL)
#5 /var/webapps/test/blog/vendor/prettus/l5-repository/src/Prettus/Repository/Eloquent/BaseRepository.php(93): Prettus\\Repository\\Eloquent\\BaseRepository->makeModel()
#6 [internal function]: Prettus\\Repository\\Eloquent\\BaseRepository->__construct(Object(Illuminate\\Foundation\\Application))
#7 /var/webapps/test/blog/vendor/laravel/framework/src/Illuminate/Container/Container.php(785): ReflectionClass->newInstanceArgs(Array)
#8 /var/webapps/test/blog/vendor/laravel/framework/src/Illuminate/Container/Container.php(631): Illuminate\\Container\\Container->build('App\\\\Repositorie...')
#9 /var/webapps/test/blog/vendor/laravel/framework/src/Illuminate/Container/Container.php(586): Illuminate\\Container\\Container->resolve('App\\\\Repositorie...', Array)
#10 /var/webapps/test/blog/vendor/laravel/framework/src/Illuminate/Foundation/Application.php(732): Illuminate\\Container\\Container->make('App\\\\Repositorie...', Array)
#11 /var/webapps/test/blog/vendor/laravel/framework/src/Illuminate/Container/Container.php(885): Illuminate\\Foundation\\Application->make('App\\\\Repositorie...')
#12 /var/webapps/test/blog/vendor/laravel/framework/src/Illuminate/Container/Container.php(813): Illuminate\\Container\\Container->resolveClass(Object(ReflectionParameter))
#13 /var/webapps/test/blog/vendor/laravel/framework/src/Illuminate/Container/Container.php(780): Illuminate\\Container\\Container->resolveDependencies(Array)
#14 /var/webapps/test/blog/vendor/laravel/framework/src/Illuminate/Container/Container.php(631): Illuminate\\Container\\Container->build('App\\\\Http\\\\Contro...')
#15 /var/webapps/test/blog/vendor/laravel/framework/src/Illuminate/Container/Container.php(586): Illuminate\\Container\\Container->resolve('App\\\\Http\\\\Contro...', Array)
#16 /var/webapps/test/blog/vendor/laravel/framework/src/Illuminate/Foundation/Application.php(732): Illuminate\\Container\\Container->make('App\\\\Http\\\\Contro...', Array)
#17 /var/webapps/test/blog/vendor/laravel/framework/src/Illuminate/Routing/Route.php(226): Illuminate\\Foundation\\Application->make('App\\\\Http\\\\Contro...')
#18 /var/webapps/test/blog/vendor/laravel/framework/src/Illuminate/Routing/Route.php(796): Illuminate\\Routing\\Route->getController()
#19 /var/webapps/test/blog/vendor/laravel/framework/src/Illuminate/Routing/Route.php(757): Illuminate\\Routing\\Route->controllerMiddleware()
#20 /var/webapps/test/blog/vendor/laravel/framework/src/Illuminate/Routing/Router.php(671): Illuminate\\Routing\\Route->gatherMiddleware()
#21 /var/webapps/test/blog/vendor/laravel/framework/src/Illuminate/Routing/Router.php(651): Illuminate\\Routing\\Router->gatherRouteMiddleware(Object(Illuminate\\Routing\\Route))
#22 /var/webapps/test/blog/vendor/laravel/framework/src/Illuminate/Routing/Router.php(635): Illuminate\\Routing\\Router->runRouteWithinStack(Object(Illuminate\\Routing\\Route), Object(Illuminate\\Http\\Request))
#23 /var/webapps/test/blog/vendor/laravel/framework/src/Illuminate/Routing/Router.php(601): Illuminate\\Routing\\Router->runRoute(Object(Illuminate\\Http\\Request), Object(Illuminate\\Routing\\Route))
#24 /var/webapps/test/blog/vendor/laravel/framework/src/Illuminate/Routing/Router.php(590): Illuminate\\Routing\\Router->dispatchToRoute(Object(Illuminate\\Http\\Request))
#25 /var/webapps/test/blog/vendor/laravel/framework/src/Illuminate/Foundation/Http/Kernel.php(176): Illuminate\\Routing\\Router->dispatch(Object(Illuminate\\Http\\Request))
#26 /var/webapps/test/blog/vendor/laravel/framework/src/Illuminate/Routing/Pipeline.php(30): Illuminate\\Foundation\\Http\\Kernel->Illuminate\\Foundation\\Http\\{closure}(Object(Illuminate\\Http\\Request))
#27 /var/webapps/test/blog/vendor/laravel/framework/src/Illuminate/Foundation/Http/Middleware/TransformsRequest.php(30): Illuminate\\Routing\\Pipeline->Illuminate\\Routing\\{closure}(Object(Illuminate\\Http\\Request))
#28 /var/webapps/test/blog/vendor/laravel/framework/src/Illuminate/Pipeline/Pipeline.php(149): Illuminate\\Foundation\\Http\\Middleware\\TransformsRequest->handle(Object(Illuminate\\Http\\Request), Object(Closure))
#29 /var/webapps/test/blog/vendor/laravel/framework/src/Illuminate/Routing/Pipeline.php(53): Illuminate\\Pipeline\\Pipeline->Illuminate\\Pipeline\\{closure}(Object(Illuminate\\Http\\Request))
#30 /var/webapps/test/blog/vendor/laravel/framework/src/Illuminate/Foundation/Http/Middleware/TransformsRequest.php(30): Illuminate\\Routing\\Pipeline->Illuminate\\Routing\\{closure}(Object(Illuminate\\Http\\Request))
#31 /var/webapps/test/blog/vendor/laravel/framework/src/Illuminate/Pipeline/Pipeline.php(149): Illuminate\\Foundation\\Http\\Middleware\\TransformsRequest->handle(Object(Illuminate\\Http\\Request), Object(Closure))
#32 /var/webapps/test/blog/vendor/laravel/framework/src/Illuminate/Routing/Pipeline.php(53): Illuminate\\Pipeline\\Pipeline->Illuminate\\Pipeline\\{closure}(Object(Illuminate\\Http\\Request))
#33 /var/webapps/test/blog/vendor/laravel/framework/src/Illuminate/Foundation/Http/Middleware/ValidatePostSize.php(27): Illuminate\\Routing\\Pipeline->Illuminate\\Routing\\{closure}(Object(Illuminate\\Http\\Request))
#34 /var/webapps/test/blog/vendor/laravel/framework/src/Illuminate/Pipeline/Pipeline.php(149): Illuminate\\Foundation\\Http\\Middleware\\ValidatePostSize->handle(Object(Illuminate\\Http\\Request), Object(Closure))
#35 /var/webapps/test/blog/vendor/laravel/framework/src/Illuminate/Routing/Pipeline.php(53): Illuminate\\Pipeline\\Pipeline->Illuminate\\Pipeline\\{closure}(Object(Illuminate\\Http\\Request))
#36 /var/webapps/test/blog/vendor/laravel/framework/src/Illuminate/Foundation/Http/Middleware/CheckForMaintenanceMode.php(46): Illuminate\\Routing\\Pipeline->Illuminate\\Routing\\{closure}(Object(Illuminate\\Http\\Request))
#37 /var/webapps/test/blog/vendor/laravel/framework/src/Illuminate/Pipeline/Pipeline.php(149): Illuminate\\Foundation\\Http\\Middleware\\CheckForMaintenanceMode->handle(Object(Illuminate\\Http\\Request), Object(Closure))
#38 /var/webapps/test/blog/vendor/laravel/framework/src/Illuminate/Routing/Pipeline.php(53): Illuminate\\Pipeline\\Pipeline->Illuminate\\Pipeline\\{closure}(Object(Illuminate\\Http\\Request))
#39 /var/webapps/test/blog/vendor/laravel/framework/src/Illuminate/Pipeline/Pipeline.php(102): Illuminate\\Routing\\Pipeline->Illuminate\\Routing\\{closure}(Object(Illuminate\\Http\\Request))
#40 /var/webapps/test/blog/vendor/laravel/framework/src/Illuminate/Foundation/Http/Kernel.php(151): Illuminate\\Pipeline\\Pipeline->then(Object(Closure))
#41 /var/webapps/test/blog/vendor/laravel/framework/src/Illuminate/Foundation/Http/Kernel.php(116): Illuminate\\Foundation\\Http\\Kernel->sendRequestThroughRouter(Object(Illuminate\\Http\\Request))
#42 /var/webapps/test/blog/public/index.php(52): Illuminate\\Foundation\\Http\\Kernel->handle(Object(Illuminate\\Http\\Request))
#43 {main}
"} 
[2019-03-21 18:07:19] local.ERROR: Class  does not exist {"exception":"[object] (ReflectionException(code: -1): Class  does not exist at /var/webapps/test/blog/vendor/laravel/framework/src/Illuminate/Container/Container.php:752)
[stacktrace]
#0 /var/webapps/test/blog/vendor/laravel/framework/src/Illuminate/Container/Container.php(752): ReflectionClass->__construct('')
#1 /var/webapps/test/blog/vendor/laravel/framework/src/Illuminate/Container/Container.php(631): Illuminate\\Container\\Container->build(NULL)
#2 /var/webapps/test/blog/vendor/laravel/framework/src/Illuminate/Container/Container.php(586): Illuminate\\Container\\Container->resolve(NULL, Array)
#3 /var/webapps/test/blog/vendor/laravel/framework/src/Illuminate/Foundation/Application.php(732): Illuminate\\Container\\Container->make(NULL, Array)
#4 /var/webapps/test/blog/vendor/prettus/l5-repository/src/Prettus/Repository/Eloquent/BaseRepository.php(177): Illuminate\\Foundation\\Application->make(NULL)
#5 /var/webapps/test/blog/vendor/prettus/l5-repository/src/Prettus/Repository/Eloquent/BaseRepository.php(93): Prettus\\Repository\\Eloquent\\BaseRepository->makeModel()
#6 [internal function]: Prettus\\Repository\\Eloquent\\BaseRepository->__construct(Object(Illuminate\\Foundation\\Application))
#7 /var/webapps/test/blog/vendor/laravel/framework/src/Illuminate/Container/Container.php(785): ReflectionClass->newInstanceArgs(Array)
#8 /var/webapps/test/blog/vendor/laravel/framework/src/Illuminate/Container/Container.php(631): Illuminate\\Container\\Container->build('App\\\\Repositorie...')
#9 /var/webapps/test/blog/vendor/laravel/framework/src/Illuminate/Container/Container.php(586): Illuminate\\Container\\Container->resolve('App\\\\Repositorie...', Array)
#10 /var/webapps/test/blog/vendor/laravel/framework/src/Illuminate/Foundation/Application.php(732): Illuminate\\Container\\Container->make('App\\\\Repositorie...', Array)
#11 /var/webapps/test/blog/vendor/laravel/framework/src/Illuminate/Container/Container.php(885): Illuminate\\Foundation\\Application->make('App\\\\Repositorie...')
#12 /var/webapps/test/blog/vendor/laravel/framework/src/Illuminate/Container/Container.php(813): Illuminate\\Container\\Container->resolveClass(Object(ReflectionParameter))
#13 /var/webapps/test/blog/vendor/laravel/framework/src/Illuminate/Container/Container.php(780): Illuminate\\Container\\Container->resolveDependencies(Array)
#14 /var/webapps/test/blog/vendor/laravel/framework/src/Illuminate/Container/Container.php(631): Illuminate\\Container\\Container->build('App\\\\Http\\\\Contro...')
#15 /var/webapps/test/blog/vendor/laravel/framework/src/Illuminate/Container/Container.php(586): Illuminate\\Container\\Container->resolve('App\\\\Http\\\\Contro...', Array)
#16 /var/webapps/test/blog/vendor/laravel/framework/src/Illuminate/Foundation/Application.php(732): Illuminate\\Container\\Container->make('App\\\\Http\\\\Contro...', Array)
#17 /var/webapps/test/blog/vendor/laravel/framework/src/Illuminate/Routing/Route.php(226): Illuminate\\Foundation\\Application->make('App\\\\Http\\\\Contro...')
#18 /var/webapps/test/blog/vendor/laravel/framework/src/Illuminate/Routing/Route.php(796): Illuminate\\Routing\\Route->getController()
#19 /var/webapps/test/blog/vendor/laravel/framework/src/Illuminate/Routing/Route.php(757): Illuminate\\Routing\\Route->controllerMiddleware()
#20 /var/webapps/test/blog/vendor/laravel/framework/src/Illuminate/Routing/Router.php(671): Illuminate\\Routing\\Route->gatherMiddleware()
#21 /var/webapps/test/blog/vendor/laravel/framework/src/Illuminate/Routing/Router.php(651): Illuminate\\Routing\\Router->gatherRouteMiddleware(Object(Illuminate\\Routing\\Route))
#22 /var/webapps/test/blog/vendor/laravel/framework/src/Illuminate/Routing/Router.php(635): Illuminate\\Routing\\Router->runRouteWithinStack(Object(Illuminate\\Routing\\Route), Object(Illuminate\\Http\\Request))
#23 /var/webapps/test/blog/vendor/laravel/framework/src/Illuminate/Routing/Router.php(601): Illuminate\\Routing\\Router->runRoute(Object(Illuminate\\Http\\Request), Object(Illuminate\\Routing\\Route))
#24 /var/webapps/test/blog/vendor/laravel/framework/src/Illuminate/Routing/Router.php(590): Illuminate\\Routing\\Router->dispatchToRoute(Object(Illuminate\\Http\\Request))
#25 /var/webapps/test/blog/vendor/laravel/framework/src/Illuminate/Foundation/Http/Kernel.php(176): Illuminate\\Routing\\Router->dispatch(Object(Illuminate\\Http\\Request))
#26 /var/webapps/test/blog/vendor/laravel/framework/src/Illuminate/Routing/Pipeline.php(30): Illuminate\\Foundation\\Http\\Kernel->Illuminate\\Foundation\\Http\\{closure}(Object(Illuminate\\Http\\Request))
#27 /var/webapps/test/blog/vendor/laravel/framework/src/Illuminate/Foundation/Http/Middleware/TransformsRequest.php(30): Illuminate\\Routing\\Pipeline->Illuminate\\Routing\\{closure}(Object(Illuminate\\Http\\Request))
#28 /var/webapps/test/blog/vendor/laravel/framework/src/Illuminate/Pipeline/Pipeline.php(149): Illuminate\\Foundation\\Http\\Middleware\\TransformsRequest->handle(Object(Illuminate\\Http\\Request), Object(Closure))
#29 /var/webapps/test/blog/vendor/laravel/framework/src/Illuminate/Routing/Pipeline.php(53): Illuminate\\Pipeline\\Pipeline->Illuminate\\Pipeline\\{closure}(Object(Illuminate\\Http\\Request))
#30 /var/webapps/test/blog/vendor/laravel/framework/src/Illuminate/Foundation/Http/Middleware/TransformsRequest.php(30): Illuminate\\Routing\\Pipeline->Illuminate\\Routing\\{closure}(Object(Illuminate\\Http\\Request))
#31 /var/webapps/test/blog/vendor/laravel/framework/src/Illuminate/Pipeline/Pipeline.php(149): Illuminate\\Foundation\\Http\\Middleware\\TransformsRequest->handle(Object(Illuminate\\Http\\Request), Object(Closure))
#32 /var/webapps/test/blog/vendor/laravel/framework/src/Illuminate/Routing/Pipeline.php(53): Illuminate\\Pipeline\\Pipeline->Illuminate\\Pipeline\\{closure}(Object(Illuminate\\Http\\Request))
#33 /var/webapps/test/blog/vendor/laravel/framework/src/Illuminate/Foundation/Http/Middleware/ValidatePostSize.php(27): Illuminate\\Routing\\Pipeline->Illuminate\\Routing\\{closure}(Object(Illuminate\\Http\\Request))
#34 /var/webapps/test/blog/vendor/laravel/framework/src/Illuminate/Pipeline/Pipeline.php(149): Illuminate\\Foundation\\Http\\Middleware\\ValidatePostSize->handle(Object(Illuminate\\Http\\Request), Object(Closure))
#35 /var/webapps/test/blog/vendor/laravel/framework/src/Illuminate/Routing/Pipeline.php(53): Illuminate\\Pipeline\\Pipeline->Illuminate\\Pipeline\\{closure}(Object(Illuminate\\Http\\Request))
#36 /var/webapps/test/blog/vendor/laravel/framework/src/Illuminate/Foundation/Http/Middleware/CheckForMaintenanceMode.php(46): Illuminate\\Routing\\Pipeline->Illuminate\\Routing\\{closure}(Object(Illuminate\\Http\\Request))
#37 /var/webapps/test/blog/vendor/laravel/framework/src/Illuminate/Pipeline/Pipeline.php(149): Illuminate\\Foundation\\Http\\Middleware\\CheckForMaintenanceMode->handle(Object(Illuminate\\Http\\Request), Object(Closure))
#38 /var/webapps/test/blog/vendor/laravel/framework/src/Illuminate/Routing/Pipeline.php(53): Illuminate\\Pipeline\\Pipeline->Illuminate\\Pipeline\\{closure}(Object(Illuminate\\Http\\Request))
#39 /var/webapps/test/blog/vendor/laravel/framework/src/Illuminate/Pipeline/Pipeline.php(102): Illuminate\\Routing\\Pipeline->Illuminate\\Routing\\{closure}(Object(Illuminate\\Http\\Request))
#40 /var/webapps/test/blog/vendor/laravel/framework/src/Illuminate/Foundation/Http/Kernel.php(151): Illuminate\\Pipeline\\Pipeline->then(Object(Closure))
#41 /var/webapps/test/blog/vendor/laravel/framework/src/Illuminate/Foundation/Http/Kernel.php(116): Illuminate\\Foundation\\Http\\Kernel->sendRequestThroughRouter(Object(Illuminate\\Http\\Request))
#42 /var/webapps/test/blog/public/index.php(52): Illuminate\\Foundation\\Http\\Kernel->handle(Object(Illuminate\\Http\\Request))
#43 {main}
"} 
